<?xml version="1.0" encoding="UTF-8"?>
<!-- Generated by org.testng.reporters.JUnitReportReporter -->
<testsuite hostname="vicky" failures="0" tests="1" name="Com.kite.qa.TestCases.HomePageTest" time="18.328" errors="0" timestamp="2022-07-08T15:03:59 IST" skipped="0">
  <testcase classname="Com.kite.qa.TestCases.HomePageTest" name="HomepagevalidateUserId" time="18.328"/>
  <system-out/>
</testsuite> <!-- Com.kite.qa.TestCases.HomePageTest -->
