<?xml version="1.0" encoding="UTF-8"?>
<!-- Generated by org.testng.reporters.JUnitReportReporter -->
<testsuite hostname="vicky" failures="0" tests="1" name="Demo.Demo1" time="8.017" errors="0" timestamp="2022-07-06T19:05:58 IST" skipped="0">
  <testcase classname="Demo.Demo1" name="Login" time="8.017"/>
  <system-out/>
</testsuite> <!-- Demo.Demo1 -->
